# JRE version: Java(TM) SE Runtime Environment (8.0_221-b11) (build 1.8.0_221-b11)
# Java VM: Java HotSpot(TM) 64-Bit Server VM (25.221-b11 mixed mode windows-amd64 compressed oops)
Heap:
 PSYoungGen      total 144896K, used 104869K [0x00000000f5580000, 0x0000000100000000, 0x0000000100000000)
  eden space 121344K, 67% used [0x00000000f5580000,0x00000000fa4ea668,0x00000000fcc00000)
  from space 23552K, 99% used [0x00000000fcf00000,0x00000000fe5ff0c8,0x00000000fe600000)
  to   space 26624K, 0% used [0x00000000fe600000,0x00000000fe600000,0x0000000100000000)
 ParOldGen       total 175104K, used 54736K [0x00000000e0000000, 0x00000000eab00000, 0x00000000f5580000)
  object space 175104K, 31% used [0x00000000e0000000,0x00000000e3574228,0x00000000eab00000)
 Metaspace       used 75163K, capacity 79105K, committed 79152K, reserved 1118208K
  class space    used 9970K, capacity 10778K, committed 10800K, reserved 1048576K
GC Heap History (10 events):
Event: 76.407 GC heap before
{Heap before GC invocations=16 (full 3):
 PSYoungGen      total 143360K, used 142920K [0x00000000f5580000, 0x00000000ffc00000, 0x0000000100000000)
  eden space 130560K, 100% used [0x00000000f5580000,0x00000000fd500000,0x00000000fd500000)
  from space 12800K, 96% used [0x00000000fef80000,0x00000000ffb920c0,0x00000000ffc00000)
  to   space 17408K, 0% used [0x00000000fda00000,0x00000000fda00000,0x00000000feb00000)
 ParOldGen       total 175104K, used 28047K [0x00000000e0000000, 0x00000000eab00000, 0x00000000f5580000)
  object space 175104K, 16% used [0x00000000e0000000,0x00000000e1b63fa0,0x00000000eab00000)
 Metaspace       used 67018K, capacity 69415K, committed 69552K, reserved 1110016K
  class space    used 9188K, capacity 9807K, committed 9904K, reserved 1048576K
Event: 76.437 GC heap after
Heap after GC invocations=16 (full 3):
 PSYoungGen      total 153088K, used 17396K [0x00000000f5580000, 0x0000000100000000, 0x0000000100000000)
  eden space 135680K, 0% used [0x00000000f5580000,0x00000000f5580000,0x00000000fda00000)
  from space 17408K, 99% used [0x00000000fda00000,0x00000000feafd260,0x00000000feb00000)
  to   space 21504K, 0% used [0x00000000feb00000,0x00000000feb00000,0x0000000100000000)
 ParOldGen       total 175104K, used 37859K [0x00000000e0000000, 0x00000000eab00000, 0x00000000f5580000)
  object space 175104K, 21% used [0x00000000e0000000,0x00000000e24f8d30,0x00000000eab00000)
 Metaspace       used 67018K, capacity 69415K, committed 69552K, reserved 1110016K
  class space    used 9188K, capacity 9807K, committed 9904K, reserved 1048576K
}
Event: 79.899 GC heap before
{Heap before GC invocations=17 (full 3):
 PSYoungGen      total 153088K, used 153076K [0x00000000f5580000, 0x0000000100000000, 0x0000000100000000)
  eden space 135680K, 100% used [0x00000000f5580000,0x00000000fda00000,0x00000000fda00000)
  from space 17408K, 99% used [0x00000000fda00000,0x00000000feafd260,0x00000000feb00000)
  to   space 21504K, 0% used [0x00000000feb00000,0x00000000feb00000,0x0000000100000000)
 ParOldGen       total 175104K, used 37859K [0x00000000e0000000, 0x00000000eab00000, 0x00000000f5580000)
  object space 175104K, 21% used [0x00000000e0000000,0x00000000e24f8d30,0x00000000eab00000)
 Metaspace       used 69070K, capacity 71781K, committed 71856K, reserved 1112064K
  class space    used 9455K, capacity 10112K, committed 10160K, reserved 1048576K
Event: 79.944 GC heap after
Heap after GC invocations=17 (full 3):
 PSYoungGen      total 152064K, used 9788K [0x00000000f5580000, 0x0000000100000000, 0x0000000100000000)
  eden space 130560K, 0% used [0x00000000f5580000,0x00000000f5580000,0x00000000fd500000)
  from space 21504K, 45% used [0x00000000feb00000,0x00000000ff48f058,0x0000000100000000)
  to   space 22016K, 0% used [0x00000000fd500000,0x00000000fd500000,0x00000000fea80000)
 ParOldGen       total 175104K, used 54632K [0x00000000e0000000, 0x00000000eab00000, 0x00000000f5580000)
  object space 175104K, 31% used [0x00000000e0000000,0x00000000e355a208,0x00000000eab00000)
 Metaspace       used 69070K, capacity 71781K, committed 71856K, reserved 1112064K
  class space    used 9455K, capacity 10112K, committed 10160K, reserved 1048576K
}
Event: 3010.826 GC heap before
{Heap before GC invocations=18 (full 3):
 PSYoungGen      total 152064K, used 140348K [0x00000000f5580000, 0x0000000100000000, 0x0000000100000000)
  eden space 130560K, 100% used [0x00000000f5580000,0x00000000fd500000,0x00000000fd500000)
  from space 21504K, 45% used [0x00000000feb00000,0x00000000ff48f058,0x0000000100000000)
  to   space 22016K, 0% used [0x00000000fd500000,0x00000000fd500000,0x00000000fea80000)
 ParOldGen       total 175104K, used 54632K [0x00000000e0000000, 0x00000000eab00000, 0x00000000f5580000)
  object space 175104K, 31% used [0x00000000e0000000,0x00000000e355a208,0x00000000eab00000)
 Metaspace       used 73621K, capacity 76507K, committed 76592K, reserved 1116160K
  class space    used 9803K, capacity 10485K, committed 10544K, reserved 1048576K
Event: 3013.426 GC heap after
Heap after GC invocations=18 (full 3):
 PSYoungGen      total 148992K, used 21028K [0x00000000f5580000, 0x0000000100000000, 0x0000000100000000)
  eden space 127488K, 0% used [0x00000000f5580000,0x00000000f5580000,0x00000000fd200000)
  from space 21504K, 97% used [0x00000000fd500000,0x00000000fe989208,0x00000000fea00000)
  to   space 22528K, 0% used [0x00000000fea00000,0x00000000fea00000,0x0000000100000000)
 ParOldGen       total 175104K, used 54632K [0x00000000e0000000, 0x00000000eab00000, 0x00000000f5580000)
  object space 175104K, 31% used [0x00000000e0000000,0x00000000e355a208,0x00000000eab00000)
 Metaspace       used 73621K, capacity 76507K, committed 76592K, reserved 1116160K
  class space    used 9803K, capacity 10485K, committed 10544K, reserved 1048576K
}
Event: 4304.686 GC heap before
{Heap before GC invocations=19 (full 3):
 PSYoungGen      total 148992K, used 148516K [0x00000000f5580000, 0x0000000100000000, 0x0000000100000000)
  eden space 127488K, 100% used [0x00000000f5580000,0x00000000fd200000,0x00000000fd200000)
  from space 21504K, 97% used [0x00000000fd500000,0x00000000fe989208,0x00000000fea00000)
  to   space 22528K, 0% used [0x00000000fea00000,0x00000000fea00000,0x0000000100000000)
 ParOldGen       total 175104K, used 54632K [0x00000000e0000000, 0x00000000eab00000, 0x00000000f5580000)
  object space 175104K, 31% used [0x00000000e0000000,0x00000000e355a208,0x00000000eab00000)
 Metaspace       used 74152K, capacity 77455K, committed 77744K, reserved 1116160K
  class space    used 9858K, capacity 10579K, committed 10672K, reserved 1048576K
Event: 4306.678 GC heap after
Heap after GC invocations=19 (full 3):
 PSYoungGen      total 143872K, used 11696K [0x00000000f5580000, 0x00000000ffd00000, 0x0000000100000000)
  eden space 124416K, 0% used [0x00000000f5580000,0x00000000f5580000,0x00000000fcf00000)
  from space 19456K, 60% used [0x00000000fea00000,0x00000000ff56c040,0x00000000ffd00000)
  to   space 23552K, 0% used [0x00000000fcf00000,0x00000000fcf00000,0x00000000fe600000)
 ParOldGen       total 175104K, used 54640K [0x00000000e0000000, 0x00000000eab00000, 0x00000000f5580000)
  object space 175104K, 31% used [0x00000000e0000000,0x00000000e355c208,0x00000000eab00000)
 Metaspace       used 74152K, capacity 77455K, committed 77744K, reserved 1116160K
  class space    used 9858K, capacity 10579K, committed 10672K, reserved 1048576K
}
Event: 4335.061 GC heap before
{Heap before GC invocations=20 (full 3):
 PSYoungGen      total 143872K, used 136112K [0x00000000f5580000, 0x00000000ffd00000, 0x0000000100000000)
  eden space 124416K, 100% used [0x00000000f5580000,0x00000000fcf00000,0x00000000fcf00000)
  from space 19456K, 60% used [0x00000000fea00000,0x00000000ff56c040,0x00000000ffd00000)
  to   space 23552K, 0% used [0x00000000fcf00000,0x00000000fcf00000,0x00000000fe600000)
 ParOldGen       total 175104K, used 54640K [0x00000000e0000000, 0x00000000eab00000, 0x00000000f5580000)
  object space 175104K, 31% used [0x00000000e0000000,0x00000000e355c208,0x00000000eab00000)
 Metaspace       used 74701K, capacity 78489K, committed 78640K, reserved 1118208K
  class space    used 9931K, capacity 10708K, committed 10800K, reserved 1048576K
Event: 4335.259 GC heap after
Heap after GC invocations=20 (full 3):
 PSYoungGen      total 144896K, used 23548K [0x00000000f5580000, 0x0000000100000000, 0x0000000100000000)
  eden space 121344K, 0% used [0x00000000f5580000,0x00000000f5580000,0x00000000fcc00000)
  from space 23552K, 99% used [0x00000000fcf00000,0x00000000fe5ff0c8,0x00000000fe600000)
  to   space 26624K, 0% used [0x00000000fe600000,0x00000000fe600000,0x0000000100000000)
 ParOldGen       total 175104K, used 54736K [0x00000000e0000000, 0x00000000eab00000, 0x00000000f5580000)
  object space 175104K, 31% used [0x00000000e0000000,0x00000000e3574228,0x00000000eab00000)
 Metaspace       used 74701K, capacity 78489K, committed 78640K, reserved 1118208K
  class space    used 9931K, capacity 10708K, committed 10800K, reserved 1048576K
}

